The Netlify deploy errored, with the following guidance provided:

### Diagnosis
The build failure is caused by an error in the file TransactionsList.tsx at line 19. The error states that "PreviousBalancePrompt" is not exported from the file.

[line 73](#L73): `src/components/finance/TransactionsList.tsx (19:9): "PreviousBalancePrompt" is not exported by "src/components/finance/Prev`

### Solution
1. Verify that the component "PreviousBalancePrompt" is correctly exported from the file 'PreviousBalancePrompt.tsx' located in the 'src/components/finance' directory.
2. Make sure that the export statement in 'PreviousBalancePrompt.tsx' is correct and includes exporting "PreviousBalancePrompt".
3. If the component is correctly exported, ensure that the file is committed to the repository.
4. If everything seems correct, check for typos or casing mismatches in the export statement.

If the issue persists, consider adding 'PreviousBalancePrompt' to the external configuration of Vite.

The relevant error logs are:

Line 61:    - neon
Line 62: [96m[1mâ€‹[22m[39m
Line 63: [96m[1mBuild command from Netlify app                                [22m[39m
Line 64: [96m[1mâ”€â”€â”€â”€â”€â”€â”€â”€â”€â”€â”€â”€â”€â”€â”€â”€â”€â”€â”€â”€â”€â”€â”€â”€â”€â”€â”€â”€â”€â”€â”€â”€â”€â”€â”€â”€â”€â”€â”€â”€â”€â”€â”€â”€â”€â”€â”€â”€â”€â”€â”€â”€â”€â”€â”€â”€â”€â”€â”€â”€â”€â”€â”€â”€[22m[39m
Line 65: â€‹
Line 66: [36m$ bun run build[39m
Line 67: [0m[2m[35m$[0m [2m[1mvite build[0m
Line 68: [36mvite v5.4.19 [32mbuilding for production...[36m[39m
Line 69: transforming...
Line 70: [32mâœ“[39m 3754 modules transformed.
Line 71: [31mx[39m Build failed in 3.98s
Line 72: [31merror during build:
Line 73: [31msrc/components/finance/TransactionsList.tsx (19:9): "PreviousBalancePrompt" is not exported by "src/components/finance/Prev
Line 74: file: [36m/opt/build/repo/src/components/finance/TransactionsList.tsx:19:9[31m
Line 75: [33m
Line 76: 17: import { formatCurrency } from '@/utils/currency';
Line 77: 18: import { CategoryManagementDialog } from './CategoryManagementDialog';
Line 78: 19: import { PreviousBalancePrompt } from './PreviousBalancePrompt';
Line 79:              ^
Line 80: 20: import { useSpring, animated, useTrail, config, useTransition } from '@react-spring/web';
Line 81: [31m
Line 82:     at getRollupError (file:///opt/build/repo/node_modules/rollup/dist/es/shared/parseAst.js:395:41)
Line 83:     at error (file:///opt/build/repo/node_modules/rollup/dist/es/shared/parseAst.js:391:42)
Line 84:     at Module.error (file:///opt/build/repo/node_modules/rollup/dist/es/shared/node-entry.js:15535:16)
Line 85:     at Module.traceVariable (file:///opt/build/repo/node_modules/rollup/dist/es/shared/node-entry.js:15984:29)
Line 86:     at ModuleScope.findVariable (file:///opt/build/repo/node_modules/rollup/dist/es/shared/node-entry.js:13770:39)
Line 87:     at ReturnValueScope.findVariable (file:///opt/build/repo/node_modules/rollup/dist/es/shared/node-entry.js:5252:38)
Line 88:     at FunctionBodyScope.findVariable (file:///opt/build/repo/node_modules/rollup/dist/es/shared/node-entry.js:5252:38)
Line 89:     at Identifier.bind (file:///opt/build/repo/node_modules/rollup/dist/es/shared/node-entry.js:5035:40)
Line 90:     at CallExpression.bind (file:///opt/build/repo/node_modules/rollup/dist/es/shared/node-entry.js:2851:28)
Line 91:     at CallExpression.bind (file:///opt/build/repo/node_modules/rollup/dist/es/shared/node-entry.js:11235:15)[39m
Line 92: [0m[31merror[0m[2m:[0m script [1m"build"[0m exited with code 1[0m
Line 93: Failed during stage 'building site': Build script returned non-zero exit code: 2
Line 94: [91m[1mâ€‹[22m[39m
Line 95: [91m[1m"build.command" failed                                        [22m[39m
Line 96: [91m[1mâ”€â”€â”€â”€â”€â”€â”€â”€â”€â”€â”€â”€â”€â”€â”€â”€â”€â”€â”€â”€â”€â”€â”€â”€â”€â”€â”€â”€â”€â”€â”€â”€â”€â”€â”€â”€â”€â”€â”€â”€â”€â”€â”€â”€â”€â”€â”€â”€â”€â”€â”€â”€â”€â”€â”€â”€â”€â”€â”€â”€â”€â”€â”€â”€[22m[39m
Line 97: â€‹
Line 98:   [31m[1mError message[22m[39m
Line 99:   Command failed with exit code 1: bun run build
Line 100: â€‹
Line 101:   [31m[1mError location[22m[39m
Line 102:   In Build command from Netlify app:
Line 103:   bun run build
Line 104: â€‹
Line 105:   [31m[1mResolved config[22m[39m
Line 106:   build:
Line 107:     command: bun run build
Line 108:     commandOrigin: ui
Line 109:     publish: /opt/build/repo/dist
Line 110:     publishOrigin: ui
Line 111: Build failed due to a user error: Build script returned non-zero exit code: 2
Line 112: Failing build: Failed to build site
Line 113: Finished processing build request in 22.974s