The Netlify deploy errored, with the following guidance provided:

### Diagnosis:
The build failed due to an error in the file TransactionsList.tsx at line 18. The error states that "CategoryManagementDialog" is not exported by "src/components/finance/CategoryManagementDialog".

### Solution:
To resolve this error:
1. Verify that the component "CategoryManagementDialog" is correctly exported in the file 'src/components/finance/CategoryManagementDialog.tsx'.
2. If the component is correctly exported, ensure that the file was committed to the repository.
3. If the above steps are correct, check for any typos or issues in the export statement in 'CategoryManagementDialog.tsx'.
4. Make sure that the import statement in 'TransactionsList.tsx' matches the export statement in 'CategoryManagementDialog.tsx'.

By following these steps, you should be able to resolve the export error and successfully build the project.

The relevant error logs are:

Line 60: [36m[1mâ¯ Loading extensions[22m[39m
Line 61:    - neon
Line 62: [96m[1mâ€‹[22m[39m
Line 63: [96m[1mBuild command from Netlify app                                [22m[39m
Line 64: [96m[1mâ”€â”€â”€â”€â”€â”€â”€â”€â”€â”€â”€â”€â”€â”€â”€â”€â”€â”€â”€â”€â”€â”€â”€â”€â”€â”€â”€â”€â”€â”€â”€â”€â”€â”€â”€â”€â”€â”€â”€â”€â”€â”€â”€â”€â”€â”€â”€â”€â”€â”€â”€â”€â”€â”€â”€â”€â”€â”€â”€â”€â”€â”€â”€â”€[22m[39m
Line 65: â€‹
Line 66: [36m$ bun run build[39m
Line 67: [0m[2m[35m$[0m [2m[1mvite build[0m
Line 68: [36mvite v5.4.19 [32mbuilding for production...[36m[39m
Line 69: transforming...
Line 70: Failed during stage 'building site': Build script returned non-zero exit code: 2
Line 71: [32mâœ“[39m 3754 modules transformed.
Line 72: [31mx[39m Build failed in 4.00s
Line 73: [31merror during build:
Line 74: [31msrc/components/finance/TransactionsList.tsx (18:9): "CategoryManagementDialog" is not exported by "src/components/finance/C
Line 75: file: [36m/opt/build/repo/src/components/finance/TransactionsList.tsx:18:9[31m
Line 76: [33m
Line 77: 16: import { useToast } from '@/hooks/use-toast';
Line 78: 17: import { formatCurrency } from '@/utils/currency';
Line 79: 18: import { CategoryManagementDialog } from './CategoryManagementDialog';
Line 80:              ^
Line 81: 19: import PreviousBalancePrompt from './PreviousBalancePrompt';
Line 82: 20: import { useSpring, animated, useTrail, config, useTransition } from '@react-spring/web';
Line 83: [31m
Line 84:     at getRollupError (file:///opt/build/repo/node_modules/rollup/dist/es/shared/parseAst.js:395:41)
Line 85:     at error (file:///opt/build/repo/node_modules/rollup/dist/es/shared/parseAst.js:391:42)
Line 86:     at Module.error (file:///opt/build/repo/node_modules/rollup/dist/es/shared/node-entry.js:15535:16)
Line 87:     at Module.traceVariable (file:///opt/build/repo/node_modules/rollup/dist/es/shared/node-entry.js:15984:29)
Line 88:     at ModuleScope.findVariable (file:///opt/build/repo/node_modules/rollup/dist/es/shared/node-entry.js:13770:39)
Line 89:     at ReturnValueScope.findVariable (file:///opt/build/repo/node_modules/rollup/dist/es/shared/node-entry.js:5252:38)
Line 90:     at FunctionBodyScope.findVariable (file:///opt/build/repo/node_modules/rollup/dist/es/shared/node-entry.js:5252:38)
Line 91:     at Identifier.bind (file:///opt/build/repo/node_modules/rollup/dist/es/shared/node-entry.js:5035:40)
Line 92:     at CallExpression.bind (file:///opt/build/repo/node_modules/rollup/dist/es/shared/node-entry.js:2851:28)
Line 93:     at CallExpression.bind (file:///opt/build/repo/node_modules/rollup/dist/es/shared/node-entry.js:11235:15)[39m
Line 94: [0m[31merror[0m[2m:[0m script [1m"build"[0m exited with code 1[0m
Line 95: [91m[1mâ€‹[22m[39m
Line 96: [91m[1m"build.command" failed                                        [22m[39m
Line 97: [91m[1mâ”€â”€â”€â”€â”€â”€â”€â”€â”€â”€â”€â”€â”€â”€â”€â”€â”€â”€â”€â”€â”€â”€â”€â”€â”€â”€â”€â”€â”€â”€â”€â”€â”€â”€â”€â”€â”€â”€â”€â”€â”€â”€â”€â”€â”€â”€â”€â”€â”€â”€â”€â”€â”€â”€â”€â”€â”€â”€â”€â”€â”€â”€â”€â”€[22m[39m
Line 98: â€‹
Line 99:   [31m[1mError message[22m[39m
Line 100:   Command failed with exit code 1: bun run build
Line 101: â€‹
Line 102:   [31m[1mError location[22m[39m
Line 103:   In Build command from Netlify app:
Line 104:   bun run build
Line 105: â€‹
Line 106:   [31m[1mResolved config[22m[39m
Line 107:   build:
Line 108:     command: bun run build
Line 109:     commandOrigin: ui
Line 110:     publish: /opt/build/repo/dist
Line 111:     publishOrigin: ui
Line 112: Build failed due to a user error: Build script returned non-zero exit code: 2
Line 113: Failing build: Failed to build site
Line 114: Finished processing build request in 22.769s